0 info it worked if it ends with ok
1 verbose cli [ 'C:\\Program Files\\nodejs\\node.exe',
1 verbose cli   'C:\\Program Files\\nodejs\\node_modules\\npm\\bin\\npm-cli.js',
1 verbose cli   'i',
1 verbose cli   'raw-socket' ]
2 info using npm@3.8.5
3 info using node@v4.2.2
4 silly loadCurrentTree Starting
5 silly install loadCurrentTree
6 silly install readLocalPackageData
7 silly fetchPackageMetaData raw-socket
8 silly fetchNamedPackageData raw-socket
9 silly mapToRegistry name raw-socket
10 silly mapToRegistry using default registry
11 silly mapToRegistry registry https://registry.npmjs.org/
12 silly mapToRegistry data Result {
12 silly mapToRegistry   raw: 'raw-socket',
12 silly mapToRegistry   scope: null,
12 silly mapToRegistry   name: 'raw-socket',
12 silly mapToRegistry   rawSpec: '',
12 silly mapToRegistry   spec: 'latest',
12 silly mapToRegistry   type: 'tag' }
13 silly mapToRegistry uri https://registry.npmjs.org/raw-socket
14 verbose request uri https://registry.npmjs.org/raw-socket
15 verbose request no auth needed
16 info attempt registry request try #1 at 6:51:06 PM
17 verbose request id 4276e0e77f0236d0
18 verbose etag "EKT99ACKF08GPTWSBLL13SGFL"
19 http request GET https://registry.npmjs.org/raw-socket
20 http 304 https://registry.npmjs.org/raw-socket
21 verbose headers { date: 'Sun, 24 Apr 2016 15:50:30 GMT',
21 verbose headers   via: '1.1 varnish',
21 verbose headers   'cache-control': 'max-age=300',
21 verbose headers   etag: '"EKT99ACKF08GPTWSBLL13SGFL"',
21 verbose headers   age: '152',
21 verbose headers   connection: 'keep-alive',
21 verbose headers   'x-served-by': 'cache-fra1246-FRA',
21 verbose headers   'x-cache': 'HIT',
21 verbose headers   'x-cache-hits': '1',
21 verbose headers   'x-timer': 'S1461513030.652767,VS0,VE3',
21 verbose headers   vary: 'Accept-Encoding' }
22 silly get cb [ 304,
22 silly get   { date: 'Sun, 24 Apr 2016 15:50:30 GMT',
22 silly get     via: '1.1 varnish',
22 silly get     'cache-control': 'max-age=300',
22 silly get     etag: '"EKT99ACKF08GPTWSBLL13SGFL"',
22 silly get     age: '152',
22 silly get     connection: 'keep-alive',
22 silly get     'x-served-by': 'cache-fra1246-FRA',
22 silly get     'x-cache': 'HIT',
22 silly get     'x-cache-hits': '1',
22 silly get     'x-timer': 'S1461513030.652767,VS0,VE3',
22 silly get     vary: 'Accept-Encoding' } ]
23 verbose etag https://registry.npmjs.org/raw-socket from cache
24 verbose get saving raw-socket to C:\Users\Дмитрий\AppData\Roaming\npm-cache\registry.npmjs.org\raw-socket\.cache.json
25 verbose correctMkdir C:\Users\Дмитрий\AppData\Roaming\npm-cache correctMkdir not in flight; initializing
26 silly install normalizeTree
27 silly loadCurrentTree Finishing
28 silly loadIdealTree Starting
29 silly install loadIdealTree
30 silly cloneCurrentTree Starting
31 silly install cloneCurrentTreeToIdealTree
32 silly cloneCurrentTree Finishing
33 silly loadShrinkwrap Starting
34 silly install loadShrinkwrap
35 silly loadShrinkwrap Finishing
36 silly loadAllDepsIntoIdealTree Starting
37 silly install loadAllDepsIntoIdealTree
38 silly resolveWithNewModule raw-socket@1.4.0 checking installable status
39 silly cache add args [ 'raw-socket', null ]
40 verbose cache add spec raw-socket
41 silly cache add parsed spec Result {
41 silly cache add   raw: 'raw-socket',
41 silly cache add   scope: null,
41 silly cache add   name: 'raw-socket',
41 silly cache add   rawSpec: '',
41 silly cache add   spec: 'latest',
41 silly cache add   type: 'tag' }
42 silly addNamed raw-socket@latest
43 verbose addNamed "latest" is being treated as a dist-tag for raw-socket
44 info addNameTag [ 'raw-socket', 'latest' ]
45 silly mapToRegistry name raw-socket
46 silly mapToRegistry using default registry
47 silly mapToRegistry registry https://registry.npmjs.org/
48 silly mapToRegistry data Result {
48 silly mapToRegistry   raw: 'raw-socket',
48 silly mapToRegistry   scope: null,
48 silly mapToRegistry   name: 'raw-socket',
48 silly mapToRegistry   rawSpec: '',
48 silly mapToRegistry   spec: 'latest',
48 silly mapToRegistry   type: 'tag' }
49 silly mapToRegistry uri https://registry.npmjs.org/raw-socket
50 verbose addNameTag registry:https://registry.npmjs.org/raw-socket not in flight; fetching
51 verbose get https://registry.npmjs.org/raw-socket not expired, no request
52 silly addNameTag next cb for raw-socket with tag latest
53 silly addNamed raw-socket@1.4.0
54 verbose addNamed "1.4.0" is a plain semver version for raw-socket
55 silly cache afterAdd raw-socket@1.4.0
56 verbose afterAdd C:\Users\Дмитрий\AppData\Roaming\npm-cache\raw-socket\1.4.0\package\package.json not in flight; writing
57 verbose correctMkdir C:\Users\Дмитрий\AppData\Roaming\npm-cache correctMkdir not in flight; initializing
58 verbose afterAdd C:\Users\Дмитрий\AppData\Roaming\npm-cache\raw-socket\1.4.0\package\package.json written
59 silly fetchNamedPackageData nan
60 silly mapToRegistry name nan
61 silly mapToRegistry using default registry
62 silly mapToRegistry registry https://registry.npmjs.org/
63 silly mapToRegistry data Result {
63 silly mapToRegistry   raw: 'nan',
63 silly mapToRegistry   scope: null,
63 silly mapToRegistry   name: 'nan',
63 silly mapToRegistry   rawSpec: '',
63 silly mapToRegistry   spec: 'latest',
63 silly mapToRegistry   type: 'tag' }
64 silly mapToRegistry uri https://registry.npmjs.org/nan
65 verbose request uri https://registry.npmjs.org/nan
66 verbose request no auth needed
67 info attempt registry request try #1 at 6:51:06 PM
68 verbose etag "BAF0CH6FX7ZGID84VMUQ15OTR"
69 http request GET https://registry.npmjs.org/nan
70 http 304 https://registry.npmjs.org/nan
71 verbose headers { date: 'Sun, 24 Apr 2016 15:50:30 GMT',
71 verbose headers   via: '1.1 varnish',
71 verbose headers   'cache-control': 'max-age=300',
71 verbose headers   etag: '"BAF0CH6FX7ZGID84VMUQ15OTR"',
71 verbose headers   age: '200',
71 verbose headers   connection: 'keep-alive',
71 verbose headers   'x-served-by': 'cache-fra1237-FRA',
71 verbose headers   'x-cache': 'HIT',
71 verbose headers   'x-cache-hits': '3',
71 verbose headers   'x-timer': 'S1461513030.876805,VS0,VE0',
71 verbose headers   vary: 'Accept-Encoding' }
72 silly get cb [ 304,
72 silly get   { date: 'Sun, 24 Apr 2016 15:50:30 GMT',
72 silly get     via: '1.1 varnish',
72 silly get     'cache-control': 'max-age=300',
72 silly get     etag: '"BAF0CH6FX7ZGID84VMUQ15OTR"',
72 silly get     age: '200',
72 silly get     connection: 'keep-alive',
72 silly get     'x-served-by': 'cache-fra1237-FRA',
72 silly get     'x-cache': 'HIT',
72 silly get     'x-cache-hits': '3',
72 silly get     'x-timer': 'S1461513030.876805,VS0,VE0',
72 silly get     vary: 'Accept-Encoding' } ]
73 verbose etag https://registry.npmjs.org/nan from cache
74 verbose get saving nan to C:\Users\Дмитрий\AppData\Roaming\npm-cache\registry.npmjs.org\nan\.cache.json
75 verbose correctMkdir C:\Users\Дмитрий\AppData\Roaming\npm-cache correctMkdir not in flight; initializing
76 silly resolveWithNewModule nan@2.0.9 checking installable status
77 silly cache add args [ 'nan@2.0.*', null ]
78 verbose cache add spec nan@2.0.*
79 silly cache add parsed spec Result {
79 silly cache add   raw: 'nan@2.0.*',
79 silly cache add   scope: null,
79 silly cache add   name: 'nan',
79 silly cache add   rawSpec: '2.0.*',
79 silly cache add   spec: '>=2.0.0 <2.1.0',
79 silly cache add   type: 'range' }
80 silly addNamed nan@>=2.0.0 <2.1.0
81 verbose addNamed ">=2.0.0 <2.1.0" is a valid semver range for nan
82 silly addNameRange { name: 'nan', range: '>=2.0.0 <2.1.0', hasData: false }
83 silly mapToRegistry name nan
84 silly mapToRegistry using default registry
85 silly mapToRegistry registry https://registry.npmjs.org/
86 silly mapToRegistry data Result {
86 silly mapToRegistry   raw: 'nan',
86 silly mapToRegistry   scope: null,
86 silly mapToRegistry   name: 'nan',
86 silly mapToRegistry   rawSpec: '',
86 silly mapToRegistry   spec: 'latest',
86 silly mapToRegistry   type: 'tag' }
87 silly mapToRegistry uri https://registry.npmjs.org/nan
88 verbose addNameRange registry:https://registry.npmjs.org/nan not in flight; fetching
89 verbose get https://registry.npmjs.org/nan not expired, no request
90 silly addNameRange number 2 { name: 'nan', range: '>=2.0.0 <2.1.0', hasData: true }
91 silly addNameRange versions [ 'nan',
91 silly addNameRange   [ '0.3.0-wip',
91 silly addNameRange     '0.3.0-wip2',
91 silly addNameRange     '0.3.0',
91 silly addNameRange     '0.3.1',
91 silly addNameRange     '0.3.2',
91 silly addNameRange     '0.4.0',
91 silly addNameRange     '0.4.1',
91 silly addNameRange     '0.4.2',
91 silly addNameRange     '0.4.3',
91 silly addNameRange     '0.4.4',
91 silly addNameRange     '0.5.0',
91 silly addNameRange     '0.5.1',
91 silly addNameRange     '0.5.2',
91 silly addNameRange     '0.6.0',
91 silly addNameRange     '0.7.0',
91 silly addNameRange     '0.7.1',
91 silly addNameRange     '0.8.0',
91 silly addNameRange     '1.0.0',
91 silly addNameRange     '1.1.0',
91 silly addNameRange     '1.1.1',
91 silly addNameRange     '1.1.2',
91 silly addNameRange     '1.2.0',
91 silly addNameRange     '1.3.0',
91 silly addNameRange     '1.4.0',
91 silly addNameRange     '1.4.1',
91 silly addNameRange     '1.5.0',
91 silly addNameRange     '1.4.2',
91 silly addNameRange     '1.4.3',
91 silly addNameRange     '1.5.1',
91 silly addNameRange     '1.5.2',
91 silly addNameRange     '1.6.0',
91 silly addNameRange     '1.5.3',
91 silly addNameRange     '1.6.1',
91 silly addNameRange     '1.6.2',
91 silly addNameRange     '1.7.0',
91 silly addNameRange     '1.8.0',
91 silly addNameRange     '1.8.1',
91 silly addNameRange     '1.8.2',
91 silly addNameRange     '1.8.3',
91 silly addNameRange     '1.8.4',
91 silly addNameRange     '1.9.0',
91 silly addNameRange     '2.0.0',
91 silly addNameRange     '2.0.1',
91 silly addNameRange     '2.0.2',
91 silly addNameRange     '2.0.3',
91 silly addNameRange     '2.0.4',
91 silly addNameRange     '2.0.5',
91 silly addNameRange     '2.0.6',
91 silly addNameRange     '2.0.7',
91 silly addNameRange     '2.0.8',
91 silly addNameRange     '2.0.9',
91 silly addNameRange     '2.1.0',
91 silly addNameRange     '2.2.0',
91 silly addNameRange     '2.2.1' ] ]
92 silly addNamed nan@2.0.9
93 verbose addNamed "2.0.9" is a plain semver version for nan
94 silly cache afterAdd nan@2.0.9
95 verbose afterAdd C:\Users\Дмитрий\AppData\Roaming\npm-cache\nan\2.0.9\package\package.json not in flight; writing
96 verbose correctMkdir C:\Users\Дмитрий\AppData\Roaming\npm-cache correctMkdir not in flight; initializing
97 verbose afterAdd C:\Users\Дмитрий\AppData\Roaming\npm-cache\nan\2.0.9\package\package.json written
98 silly loadAllDepsIntoIdealTree Finishing
99 silly idealTree:prePrune event-socket-server@1.0.0
99 silly idealTree:prePrune +-- accepts@1.1.4
99 silly idealTree:prePrune +-- after@0.8.1
99 silly idealTree:prePrune +-- array-flatten@1.1.1
99 silly idealTree:prePrune +-- arraybuffer.slice@0.0.6
99 silly idealTree:prePrune +-- backo2@1.0.2
99 silly idealTree:prePrune +-- base64-arraybuffer@0.1.2
99 silly idealTree:prePrune +-- base64id@0.1.0
99 silly idealTree:prePrune +-- benchmark@1.0.0
99 silly idealTree:prePrune +-- better-assert@1.0.2
99 silly idealTree:prePrune +-- blob@0.0.4
99 silly idealTree:prePrune +-- callsite@1.0.0
99 silly idealTree:prePrune +-- component-bind@1.0.0
99 silly idealTree:prePrune +-- component-emitter@1.1.2
99 silly idealTree:prePrune +-- component-inherit@0.0.3
99 silly idealTree:prePrune +-- content-disposition@0.5.1
99 silly idealTree:prePrune +-- content-type@1.0.1
99 silly idealTree:prePrune +-- cookie-signature@1.0.6
99 silly idealTree:prePrune +-- cookie@0.1.5
99 silly idealTree:prePrune +-- debug@2.2.0
99 silly idealTree:prePrune +-- depd@1.1.0
99 silly idealTree:prePrune +-- destroy@1.0.4
99 silly idealTree:prePrune +-- ee-first@1.1.1
99 silly idealTree:prePrune +-- engine.io-client@1.6.8
99 silly idealTree:prePrune +-- engine.io-parser@1.2.4
99 silly idealTree:prePrune | `-- has-binary@0.1.6
99 silly idealTree:prePrune +-- engine.io@1.6.8
99 silly idealTree:prePrune +-- escape-html@1.0.3
99 silly idealTree:prePrune +-- etag@1.7.0
99 silly idealTree:prePrune +-- express@4.13.4
99 silly idealTree:prePrune | +-- accepts@1.2.13
99 silly idealTree:prePrune | +-- mime-db@1.22.0
99 silly idealTree:prePrune | +-- mime-types@2.1.10
99 silly idealTree:prePrune | `-- negotiator@0.5.3
99 silly idealTree:prePrune +-- finalhandler@0.4.1
99 silly idealTree:prePrune +-- forwarded@0.1.0
99 silly idealTree:prePrune +-- fresh@0.3.0
99 silly idealTree:prePrune +-- has-binary@0.1.7
99 silly idealTree:prePrune +-- has-cors@1.1.0
99 silly idealTree:prePrune +-- http-errors@1.3.1
99 silly idealTree:prePrune +-- indexof@0.0.1
99 silly idealTree:prePrune +-- inherits@2.0.1
99 silly idealTree:prePrune +-- ipaddr.js@1.0.5
99 silly idealTree:prePrune +-- isarray@0.0.1
99 silly idealTree:prePrune +-- json3@3.2.6
99 silly idealTree:prePrune +-- keypress@0.2.1
99 silly idealTree:prePrune +-- media-typer@0.3.0
99 silly idealTree:prePrune +-- merge-descriptors@1.0.1
99 silly idealTree:prePrune +-- methods@1.1.2
99 silly idealTree:prePrune +-- mime-db@1.12.0
99 silly idealTree:prePrune +-- mime-types@2.0.14
99 silly idealTree:prePrune +-- mime@1.3.4
99 silly idealTree:prePrune +-- ms@0.7.1
99 silly idealTree:prePrune +-- nan@2.0.9
99 silly idealTree:prePrune +-- negotiator@0.4.9
99 silly idealTree:prePrune +-- object-component@0.0.3
99 silly idealTree:prePrune +-- on-finished@2.3.0
99 silly idealTree:prePrune +-- options@0.0.6
99 silly idealTree:prePrune +-- parsejson@0.0.1
99 silly idealTree:prePrune +-- parseqs@0.0.2
99 silly idealTree:prePrune +-- parseuri@0.0.4
99 silly idealTree:prePrune +-- parseurl@1.3.1
99 silly idealTree:prePrune +-- path-to-regexp@0.1.7
99 silly idealTree:prePrune +-- proxy-addr@1.0.10
99 silly idealTree:prePrune +-- qs@4.0.0
99 silly idealTree:prePrune +-- range-parser@1.0.3
99 silly idealTree:prePrune +-- raw-socket@1.4.0
99 silly idealTree:prePrune +-- send@0.13.1
99 silly idealTree:prePrune +-- serve-static@1.10.2
99 silly idealTree:prePrune +-- socket.io-adapter@0.4.0
99 silly idealTree:prePrune | `-- socket.io-parser@2.2.2
99 silly idealTree:prePrune |   `-- debug@0.7.4
99 silly idealTree:prePrune +-- socket.io-client@1.4.5
99 silly idealTree:prePrune | `-- component-emitter@1.2.0
99 silly idealTree:prePrune +-- socket.io-parser@2.2.6
99 silly idealTree:prePrune | `-- json3@3.3.2
99 silly idealTree:prePrune +-- socket.io@1.4.5
99 silly idealTree:prePrune +-- statuses@1.2.1
99 silly idealTree:prePrune +-- to-array@0.1.4
99 silly idealTree:prePrune +-- type-is@1.6.12
99 silly idealTree:prePrune | +-- mime-db@1.22.0
99 silly idealTree:prePrune | `-- mime-types@2.1.10
99 silly idealTree:prePrune +-- ultron@1.0.2
99 silly idealTree:prePrune +-- unpipe@1.0.0
99 silly idealTree:prePrune +-- utf8@2.1.0
99 silly idealTree:prePrune +-- utils-merge@1.0.0
99 silly idealTree:prePrune +-- vary@1.0.1
99 silly idealTree:prePrune +-- ws@1.0.1
99 silly idealTree:prePrune +-- xmlhttprequest-ssl@1.5.1
99 silly idealTree:prePrune `-- yeast@0.1.2
100 silly loadIdealTree Finishing
101 silly currentTree event-socket-server@1.0.0
101 silly currentTree +-- accepts@1.1.4
101 silly currentTree +-- after@0.8.1
101 silly currentTree +-- array-flatten@1.1.1
101 silly currentTree +-- arraybuffer.slice@0.0.6
101 silly currentTree +-- backo2@1.0.2
101 silly currentTree +-- base64-arraybuffer@0.1.2
101 silly currentTree +-- base64id@0.1.0
101 silly currentTree +-- benchmark@1.0.0
101 silly currentTree +-- better-assert@1.0.2
101 silly currentTree +-- blob@0.0.4
101 silly currentTree +-- callsite@1.0.0
101 silly currentTree +-- component-bind@1.0.0
101 silly currentTree +-- component-emitter@1.1.2
101 silly currentTree +-- component-inherit@0.0.3
101 silly currentTree +-- content-disposition@0.5.1
101 silly currentTree +-- content-type@1.0.1
101 silly currentTree +-- cookie-signature@1.0.6
101 silly currentTree +-- cookie@0.1.5
101 silly currentTree +-- debug@2.2.0
101 silly currentTree +-- depd@1.1.0
101 silly currentTree +-- destroy@1.0.4
101 silly currentTree +-- ee-first@1.1.1
101 silly currentTree +-- engine.io-client@1.6.8
101 silly currentTree +-- engine.io-parser@1.2.4
101 silly currentTree | `-- has-binary@0.1.6
101 silly currentTree +-- engine.io@1.6.8
101 silly currentTree +-- escape-html@1.0.3
101 silly currentTree +-- etag@1.7.0
101 silly currentTree +-- express@4.13.4
101 silly currentTree | +-- accepts@1.2.13
101 silly currentTree | +-- mime-db@1.22.0
101 silly currentTree | +-- mime-types@2.1.10
101 silly currentTree | `-- negotiator@0.5.3
101 silly currentTree +-- finalhandler@0.4.1
101 silly currentTree +-- forwarded@0.1.0
101 silly currentTree +-- fresh@0.3.0
101 silly currentTree +-- has-binary@0.1.7
101 silly currentTree +-- has-cors@1.1.0
101 silly currentTree +-- http-errors@1.3.1
101 silly currentTree +-- indexof@0.0.1
101 silly currentTree +-- inherits@2.0.1
101 silly currentTree +-- ipaddr.js@1.0.5
101 silly currentTree +-- isarray@0.0.1
101 silly currentTree +-- json3@3.2.6
101 silly currentTree +-- keypress@0.2.1
101 silly currentTree +-- media-typer@0.3.0
101 silly currentTree +-- merge-descriptors@1.0.1
101 silly currentTree +-- methods@1.1.2
101 silly currentTree +-- mime-db@1.12.0
101 silly currentTree +-- mime-types@2.0.14
101 silly currentTree +-- mime@1.3.4
101 silly currentTree +-- ms@0.7.1
101 silly currentTree +-- negotiator@0.4.9
101 silly currentTree +-- object-component@0.0.3
101 silly currentTree +-- on-finished@2.3.0
101 silly currentTree +-- options@0.0.6
101 silly currentTree +-- parsejson@0.0.1
101 silly currentTree +-- parseqs@0.0.2
101 silly currentTree +-- parseuri@0.0.4
101 silly currentTree +-- parseurl@1.3.1
101 silly currentTree +-- path-to-regexp@0.1.7
101 silly currentTree +-- proxy-addr@1.0.10
101 silly currentTree +-- qs@4.0.0
101 silly currentTree +-- range-parser@1.0.3
101 silly currentTree +-- send@0.13.1
101 silly currentTree +-- serve-static@1.10.2
101 silly currentTree +-- socket.io-adapter@0.4.0
101 silly currentTree | `-- socket.io-parser@2.2.2
101 silly currentTree |   `-- debug@0.7.4
101 silly currentTree +-- socket.io-client@1.4.5
101 silly currentTree | `-- component-emitter@1.2.0
101 silly currentTree +-- socket.io-parser@2.2.6
101 silly currentTree | `-- json3@3.3.2
101 silly currentTree +-- socket.io@1.4.5
101 silly currentTree +-- statuses@1.2.1
101 silly currentTree +-- to-array@0.1.4
101 silly currentTree +-- type-is@1.6.12
101 silly currentTree | +-- mime-db@1.22.0
101 silly currentTree | `-- mime-types@2.1.10
101 silly currentTree +-- ultron@1.0.2
101 silly currentTree +-- unpipe@1.0.0
101 silly currentTree +-- utf8@2.1.0
101 silly currentTree +-- utils-merge@1.0.0
101 silly currentTree +-- vary@1.0.1
101 silly currentTree +-- ws@1.0.1
101 silly currentTree +-- xmlhttprequest-ssl@1.5.1
101 silly currentTree `-- yeast@0.1.2
102 silly idealTree event-socket-server@1.0.0
102 silly idealTree +-- accepts@1.1.4
102 silly idealTree +-- after@0.8.1
102 silly idealTree +-- array-flatten@1.1.1
102 silly idealTree +-- arraybuffer.slice@0.0.6
102 silly idealTree +-- backo2@1.0.2
102 silly idealTree +-- base64-arraybuffer@0.1.2
102 silly idealTree +-- base64id@0.1.0
102 silly idealTree +-- benchmark@1.0.0
102 silly idealTree +-- better-assert@1.0.2
102 silly idealTree +-- blob@0.0.4
102 silly idealTree +-- callsite@1.0.0
102 silly idealTree +-- component-bind@1.0.0
102 silly idealTree +-- component-emitter@1.1.2
102 silly idealTree +-- component-inherit@0.0.3
102 silly idealTree +-- content-disposition@0.5.1
102 silly idealTree +-- content-type@1.0.1
102 silly idealTree +-- cookie-signature@1.0.6
102 silly idealTree +-- cookie@0.1.5
102 silly idealTree +-- debug@2.2.0
102 silly idealTree +-- depd@1.1.0
102 silly idealTree +-- destroy@1.0.4
102 silly idealTree +-- ee-first@1.1.1
102 silly idealTree +-- engine.io-client@1.6.8
102 silly idealTree +-- engine.io-parser@1.2.4
102 silly idealTree | `-- has-binary@0.1.6
102 silly idealTree +-- engine.io@1.6.8
102 silly idealTree +-- escape-html@1.0.3
102 silly idealTree +-- etag@1.7.0
102 silly idealTree +-- express@4.13.4
102 silly idealTree | +-- accepts@1.2.13
102 silly idealTree | +-- mime-db@1.22.0
102 silly idealTree | +-- mime-types@2.1.10
102 silly idealTree | `-- negotiator@0.5.3
102 silly idealTree +-- finalhandler@0.4.1
102 silly idealTree +-- forwarded@0.1.0
102 silly idealTree +-- fresh@0.3.0
102 silly idealTree +-- has-binary@0.1.7
102 silly idealTree +-- has-cors@1.1.0
102 silly idealTree +-- http-errors@1.3.1
102 silly idealTree +-- indexof@0.0.1
102 silly idealTree +-- inherits@2.0.1
102 silly idealTree +-- ipaddr.js@1.0.5
102 silly idealTree +-- isarray@0.0.1
102 silly idealTree +-- json3@3.2.6
102 silly idealTree +-- keypress@0.2.1
102 silly idealTree +-- media-typer@0.3.0
102 silly idealTree +-- merge-descriptors@1.0.1
102 silly idealTree +-- methods@1.1.2
102 silly idealTree +-- mime-db@1.12.0
102 silly idealTree +-- mime-types@2.0.14
102 silly idealTree +-- mime@1.3.4
102 silly idealTree +-- ms@0.7.1
102 silly idealTree +-- nan@2.0.9
102 silly idealTree +-- negotiator@0.4.9
102 silly idealTree +-- object-component@0.0.3
102 silly idealTree +-- on-finished@2.3.0
102 silly idealTree +-- options@0.0.6
102 silly idealTree +-- parsejson@0.0.1
102 silly idealTree +-- parseqs@0.0.2
102 silly idealTree +-- parseuri@0.0.4
102 silly idealTree +-- parseurl@1.3.1
102 silly idealTree +-- path-to-regexp@0.1.7
102 silly idealTree +-- proxy-addr@1.0.10
102 silly idealTree +-- qs@4.0.0
102 silly idealTree +-- range-parser@1.0.3
102 silly idealTree +-- raw-socket@1.4.0
102 silly idealTree +-- send@0.13.1
102 silly idealTree +-- serve-static@1.10.2
102 silly idealTree +-- socket.io-adapter@0.4.0
102 silly idealTree | `-- socket.io-parser@2.2.2
102 silly idealTree |   `-- debug@0.7.4
102 silly idealTree +-- socket.io-client@1.4.5
102 silly idealTree | `-- component-emitter@1.2.0
102 silly idealTree +-- socket.io-parser@2.2.6
102 silly idealTree | `-- json3@3.3.2
102 silly idealTree +-- socket.io@1.4.5
102 silly idealTree +-- statuses@1.2.1
102 silly idealTree +-- to-array@0.1.4
102 silly idealTree +-- type-is@1.6.12
102 silly idealTree | +-- mime-db@1.22.0
102 silly idealTree | `-- mime-types@2.1.10
102 silly idealTree +-- ultron@1.0.2
102 silly idealTree +-- unpipe@1.0.0
102 silly idealTree +-- utf8@2.1.0
102 silly idealTree +-- utils-merge@1.0.0
102 silly idealTree +-- vary@1.0.1
102 silly idealTree +-- ws@1.0.1
102 silly idealTree +-- xmlhttprequest-ssl@1.5.1
102 silly idealTree `-- yeast@0.1.2
103 silly generateActionsToTake Starting
104 silly install generateActionsToTake
105 silly generateActionsToTake Finishing
106 silly diffTrees action count 2
107 silly diffTrees add nan@2.0.9
108 silly diffTrees add raw-socket@1.4.0
109 silly decomposeActions action count 16
110 silly decomposeActions fetch nan@2.0.9
111 silly decomposeActions extract nan@2.0.9
112 silly decomposeActions test nan@2.0.9
113 silly decomposeActions preinstall nan@2.0.9
114 silly decomposeActions build nan@2.0.9
115 silly decomposeActions install nan@2.0.9
116 silly decomposeActions postinstall nan@2.0.9
117 silly decomposeActions finalize nan@2.0.9
118 silly decomposeActions fetch raw-socket@1.4.0
119 silly decomposeActions extract raw-socket@1.4.0
120 silly decomposeActions test raw-socket@1.4.0
121 silly decomposeActions preinstall raw-socket@1.4.0
122 silly decomposeActions build raw-socket@1.4.0
123 silly decomposeActions install raw-socket@1.4.0
124 silly decomposeActions postinstall raw-socket@1.4.0
125 silly decomposeActions finalize raw-socket@1.4.0
126 silly executeActions Starting
127 silly install executeActions
128 silly doSerial global-install 0
129 silly doParallel fetch 2
130 verbose correctMkdir C:\Users\Дмитрий\AppData\Roaming\npm-cache\_locks correctMkdir not in flight; initializing
131 verbose lock using C:\Users\Дмитрий\AppData\Roaming\npm-cache\_locks\staging-ac589265cccc7418.lock for D:\workspace\multimedia\event-socket-server\node_modules\.staging
132 silly doParallel extract 2
133 silly extract nan@2.0.9
134 silly extract raw-socket@1.4.0
135 verbose unbuild node_modules\.staging\nan-bd639cc9
136 verbose unbuild node_modules\.staging\raw-socket-07a88227
137 silly gentlyRm D:\workspace\multimedia\event-socket-server\node_modules\.staging\nan-bd639cc9 is being purged from base D:\workspace\multimedia\event-socket-server
138 verbose gentlyRm don't care about contents; nuking D:\workspace\multimedia\event-socket-server\node_modules\.staging\nan-bd639cc9
139 silly gentlyRm D:\workspace\multimedia\event-socket-server\node_modules\.staging\raw-socket-07a88227 is being purged from base D:\workspace\multimedia\event-socket-server
140 verbose gentlyRm don't care about contents; nuking D:\workspace\multimedia\event-socket-server\node_modules\.staging\raw-socket-07a88227
141 verbose tar unpack C:\Users\Дмитрий\AppData\Roaming\npm-cache\nan\2.0.9\package.tgz
142 verbose tar unpacking to D:\workspace\multimedia\event-socket-server\node_modules\.staging\nan-bd639cc9
143 silly gentlyRm D:\workspace\multimedia\event-socket-server\node_modules\.staging\nan-bd639cc9 is being purged
144 verbose gentlyRm don't care about contents; nuking D:\workspace\multimedia\event-socket-server\node_modules\.staging\nan-bd639cc9
145 verbose tar unpack C:\Users\Дмитрий\AppData\Roaming\npm-cache\raw-socket\1.4.0\package.tgz
146 verbose tar unpacking to D:\workspace\multimedia\event-socket-server\node_modules\.staging\raw-socket-07a88227
147 silly gentlyRm D:\workspace\multimedia\event-socket-server\node_modules\.staging\raw-socket-07a88227 is being purged
148 verbose gentlyRm don't care about contents; nuking D:\workspace\multimedia\event-socket-server\node_modules\.staging\raw-socket-07a88227
149 silly gunzTarPerm modes [ '777', '666' ]
150 silly gunzTarPerm modes [ '777', '666' ]
151 silly gunzTarPerm extractEntry package.json
152 silly gunzTarPerm modified mode [ 'package.json', 436, 438 ]
153 silly gunzTarPerm extractEntry package.json
154 silly gunzTarPerm extractEntry README.md
155 silly gunzTarPerm modified mode [ 'README.md', 436, 438 ]
156 silly gunzTarPerm extractEntry include_dirs.js
157 silly gunzTarPerm modified mode [ 'include_dirs.js', 436, 438 ]
158 silly gunzTarPerm extractEntry .npmignore
159 silly gunzTarPerm extractEntry README.md
160 silly gunzTarPerm extractEntry nan_converters.h
161 silly gunzTarPerm modified mode [ 'nan_converters.h', 436, 438 ]
162 silly gunzTarPerm extractEntry LICENSE.md
163 silly gunzTarPerm modified mode [ 'LICENSE.md', 436, 438 ]
164 silly gunzTarPerm extractEntry .dntrc
165 silly gunzTarPerm modified mode [ '.dntrc', 436, 438 ]
166 silly gunzTarPerm extractEntry index.js
167 silly gunzTarPerm extractEntry appveyor.yml
168 silly gunzTarPerm modified mode [ 'appveyor.yml', 436, 438 ]
169 silly gunzTarPerm extractEntry binding.gyp
170 silly gunzTarPerm extractEntry example/create-checksum.js
171 silly gunzTarPerm extractEntry example/htonl.js
172 silly gunzTarPerm extractEntry example/htons.js
173 silly gunzTarPerm extractEntry doc/new.md
174 silly gunzTarPerm modified mode [ 'doc/new.md', 436, 438 ]
175 silly gunzTarPerm extractEntry doc/.build.sh
176 silly gunzTarPerm modified mode [ 'doc/.build.sh', 509, 511 ]
177 silly gunzTarPerm extractEntry example/ntohl.js
178 silly gunzTarPerm extractEntry example/get-option.js
179 silly gunzTarPerm extractEntry doc/buffers.md
180 silly gunzTarPerm modified mode [ 'doc/buffers.md', 436, 438 ]
181 silly gunzTarPerm extractEntry doc/callback.md
182 silly gunzTarPerm modified mode [ 'doc/callback.md', 436, 438 ]
183 silly gunzTarPerm extractEntry doc/converters.md
184 silly gunzTarPerm modified mode [ 'doc/converters.md', 436, 438 ]
185 silly gunzTarPerm extractEntry doc/errors.md
186 silly gunzTarPerm modified mode [ 'doc/errors.md', 436, 438 ]
187 silly gunzTarPerm extractEntry doc/maybe_types.md
188 silly gunzTarPerm modified mode [ 'doc/maybe_types.md', 436, 438 ]
189 silly gunzTarPerm extractEntry doc/methods.md
190 silly gunzTarPerm modified mode [ 'doc/methods.md', 436, 438 ]
191 silly gunzTarPerm extractEntry doc/asyncworker.md
192 silly gunzTarPerm modified mode [ 'doc/asyncworker.md', 436, 438 ]
193 silly gunzTarPerm extractEntry doc/node_misc.md
194 silly gunzTarPerm modified mode [ 'doc/node_misc.md', 436, 438 ]
195 silly gunzTarPerm extractEntry doc/persistent.md
196 silly gunzTarPerm modified mode [ 'doc/persistent.md', 436, 438 ]
197 silly gunzTarPerm extractEntry doc/scopes.md
198 silly gunzTarPerm modified mode [ 'doc/scopes.md', 436, 438 ]
199 silly gunzTarPerm extractEntry doc/script.md
200 silly gunzTarPerm modified mode [ 'doc/script.md', 436, 438 ]
201 silly gunzTarPerm extractEntry doc/string_bytes.md
202 silly gunzTarPerm modified mode [ 'doc/string_bytes.md', 436, 438 ]
203 silly gunzTarPerm extractEntry doc/v8_internals.md
204 silly gunzTarPerm modified mode [ 'doc/v8_internals.md', 436, 438 ]
205 silly gunzTarPerm extractEntry doc/v8_misc.md
206 silly gunzTarPerm modified mode [ 'doc/v8_misc.md', 436, 438 ]
207 silly gunzTarPerm extractEntry nan.h
208 silly gunzTarPerm modified mode [ 'nan.h', 436, 438 ]
209 silly gunzTarPerm extractEntry nan_callbacks.h
210 silly gunzTarPerm modified mode [ 'nan_callbacks.h', 436, 438 ]
211 silly gunzTarPerm extractEntry nan_callbacks_12_inl.h
212 silly gunzTarPerm modified mode [ 'nan_callbacks_12_inl.h', 436, 438 ]
213 silly gunzTarPerm extractEntry nan_callbacks_pre_12_inl.h
214 silly gunzTarPerm modified mode [ 'nan_callbacks_pre_12_inl.h', 436, 438 ]
215 silly gunzTarPerm extractEntry nan_converters_43_inl.h
216 silly gunzTarPerm modified mode [ 'nan_converters_43_inl.h', 436, 438 ]
217 silly gunzTarPerm extractEntry nan_converters_pre_43_inl.h
218 silly gunzTarPerm modified mode [ 'nan_converters_pre_43_inl.h', 436, 438 ]
219 silly gunzTarPerm extractEntry nan_implementation_12_inl.h
220 silly gunzTarPerm modified mode [ 'nan_implementation_12_inl.h', 436, 438 ]
221 silly gunzTarPerm extractEntry nan_implementation_pre_12_inl.h
222 silly gunzTarPerm modified mode [ 'nan_implementation_pre_12_inl.h', 436, 438 ]
223 silly gunzTarPerm extractEntry nan_maybe_43_inl.h
224 silly gunzTarPerm modified mode [ 'nan_maybe_43_inl.h', 436, 438 ]
225 silly gunzTarPerm extractEntry nan_maybe_pre_43_inl.h
226 silly gunzTarPerm modified mode [ 'nan_maybe_pre_43_inl.h', 436, 438 ]
227 silly gunzTarPerm extractEntry nan_new.h
228 silly gunzTarPerm modified mode [ 'nan_new.h', 436, 438 ]
229 silly gunzTarPerm extractEntry nan_object_wrap.h
230 silly gunzTarPerm modified mode [ 'nan_object_wrap.h', 436, 438 ]
231 silly gunzTarPerm extractEntry nan_persistent_12_inl.h
232 silly gunzTarPerm modified mode [ 'nan_persistent_12_inl.h', 436, 438 ]
233 silly gunzTarPerm extractEntry nan_persistent_pre_12_inl.h
234 silly gunzTarPerm modified mode [ 'nan_persistent_pre_12_inl.h', 436, 438 ]
235 silly gunzTarPerm extractEntry nan_string_bytes.h
236 silly gunzTarPerm modified mode [ 'nan_string_bytes.h', 436, 438 ]
237 silly gunzTarPerm extractEntry nan_weak.h
238 silly gunzTarPerm modified mode [ 'nan_weak.h', 436, 438 ]
239 silly gunzTarPerm extractEntry CHANGELOG.md
240 silly gunzTarPerm modified mode [ 'CHANGELOG.md', 436, 438 ]
241 silly gunzTarPerm extractEntry tools/package.json
242 silly gunzTarPerm modified mode [ 'tools/package.json', 436, 438 ]
243 silly gunzTarPerm extractEntry tools/README.md
244 silly gunzTarPerm modified mode [ 'tools/README.md', 436, 438 ]
245 silly gunzTarPerm extractEntry tools/1to2.js
246 silly gunzTarPerm modified mode [ 'tools/1to2.js', 509, 511 ]
247 silly gunzTarPerm extractEntry example/ping-no-ip-header.js
248 silly gunzTarPerm extractEntry example/ping-set-option-ip-ttl.js
249 silly gunzTarPerm extractEntry example/ping.js
250 silly gunzTarPerm extractEntry example/ping6-no-ip-header.js
251 silly gunzTarPerm extractEntry example/ping6.js
252 silly gunzTarPerm extractEntry example/ntohs.js
253 silly gunzTarPerm extractEntry src/raw.cc
254 silly gunzTarPerm extractEntry src/raw.h
255 silly gentlyRm D:\workspace\multimedia\event-socket-server\node_modules\.staging\raw-socket-07a88227\node_modules is being purged
256 verbose gentlyRm don't care about contents; nuking D:\workspace\multimedia\event-socket-server\node_modules\.staging\raw-socket-07a88227\node_modules
257 silly gentlyRm D:\workspace\multimedia\event-socket-server\node_modules\.staging\nan-bd639cc9\node_modules is being purged
258 verbose gentlyRm don't care about contents; nuking D:\workspace\multimedia\event-socket-server\node_modules\.staging\nan-bd639cc9\node_modules
259 silly doParallel preinstall 2
260 silly preinstall nan@2.0.9 D:\workspace\multimedia\event-socket-server\node_modules\.staging\nan-bd639cc9
261 info lifecycle nan@2.0.9~preinstall: nan@2.0.9
262 silly preinstall raw-socket@1.4.0 D:\workspace\multimedia\event-socket-server\node_modules\.staging\raw-socket-07a88227
263 info lifecycle raw-socket@1.4.0~preinstall: raw-socket@1.4.0
264 silly lifecycle nan@2.0.9~preinstall: no script for preinstall, continuing
265 silly lifecycle raw-socket@1.4.0~preinstall: no script for preinstall, continuing
266 silly doReverseSerial remove 0
267 silly doSerial move 0
268 silly doSerial finalize 2
269 silly finalize D:\workspace\multimedia\event-socket-server\node_modules\nan
270 silly finalize D:\workspace\multimedia\event-socket-server\node_modules\raw-socket
271 silly doSerial build 2
272 silly build nan@2.0.9
273 info linkStuff nan@2.0.9
274 silly linkStuff nan@2.0.9 has D:\workspace\multimedia\event-socket-server\node_modules as its parent node_modules
275 verbose linkBins nan@2.0.9
276 verbose linkMans nan@2.0.9
277 silly build raw-socket@1.4.0
278 info linkStuff raw-socket@1.4.0
279 silly linkStuff raw-socket@1.4.0 has D:\workspace\multimedia\event-socket-server\node_modules as its parent node_modules
280 verbose linkBins raw-socket@1.4.0
281 verbose linkMans raw-socket@1.4.0
282 silly doSerial global-link 0
283 silly doParallel update-linked 0
284 silly doSerial install 2
285 silly install nan@2.0.9 D:\workspace\multimedia\event-socket-server\node_modules\.staging\nan-bd639cc9
286 info lifecycle nan@2.0.9~install: nan@2.0.9
287 silly lifecycle nan@2.0.9~install: no script for install, continuing
288 silly install raw-socket@1.4.0 D:\workspace\multimedia\event-socket-server\node_modules\.staging\raw-socket-07a88227
289 info lifecycle raw-socket@1.4.0~install: raw-socket@1.4.0
290 verbose lifecycle raw-socket@1.4.0~install: unsafe-perm in lifecycle true
291 verbose lifecycle raw-socket@1.4.0~install: PATH: C:\Program Files\nodejs\node_modules\npm\bin\node-gyp-bin;D:\workspace\multimedia\event-socket-server\node_modules\raw-socket\node_modules\.bin;D:\workspace\multimedia\event-socket-server\node_modules\.bin;C:\Program Files\nodejs;C:\Program Files (x86)\Microsoft Visual Studio 14.0\Common7\IDE\CommonExtensions\Microsoft\TestWindow;C:\Program Files (x86)\MSBuild\14.0\bin;C:\Program Files (x86)\Microsoft Visual Studio 14.0\Common7\IDE\;C:\Program Files (x86)\Microsoft Visual Studio 14.0\VC\BIN;C:\Program Files (x86)\Microsoft Visual Studio 14.0\Common7\Tools;C:\WINDOWS\Microsoft.NET\Framework\v4.0.30319;C:\Program Files (x86)\Microsoft Visual Studio 14.0\VC\VCPackages;C:\Program Files (x86)\HTML Help Workshop;C:\Program Files (x86)\Microsoft Visual Studio 14.0\Team Tools\Performance Tools;C:\Program Files (x86)\Windows Kits\10\bin\x86;C:\Program Files (x86)\Microsoft SDKs\Windows\v10.0A\bin\NETFX 4.6.1 Tools\;C:\ProgramData\Oracle\Java\javapath;C:\oraclexp\app\oracle\product\11.2.0\server\bin;C:\Program Files (x86)\Intel\iCLS Client\;C:\Program Files\Intel\iCLS Client\;C:\WINDOWS\system32;C:\WINDOWS;C:\WINDOWS\System32\Wbem;C:\WINDOWS\System32\WindowsPowerShell\v1.0\;C:\Program Files\Intel\Intel(R) Management Engine Components\DAL;C:\Program Files\Intel\Intel(R) Management Engine Components\IPT;C:\Program Files (x86)\Intel\Intel(R) Management Engine Components\DAL;C:\Program Files (x86)\Intel\Intel(R) Management Engine Components\IPT;C:\Python27;C:\Python27\Scripts;C:\Program Files\nodejs\;D:\wget;C:\Program Files (x86)\Common Files\Autodesk Shared\;C:\WINDOWS\system32;C:\WINDOWS;C:\WINDOWS\System32\Wbem;C:\WINDOWS\System32\WindowsPowerShell\v1.0\;C:\Program Files (x86)\Skype\Phone\;C:\Program Files (x86)\Windows Live\Shared;C:\Program Files\Microsoft SQL Server\120\Tools\Binn\;C:\Program Files (x86)\Windows Kits\10\Windows Performance Toolkit\;C:\Program Files\TortoiseSVN\bin;C:\apache-maven-3.3.9\bin;C:\apache-tomcat-7.0.67\bin;C:\Program Files (x86)\NVIDIA Corporation\PhysX\Common;C:\Users\Дмитрий\.dnx\bin;C:\Program Files\Microsoft DNX\Dnvm\;C:\Program Files (x86)\Xoreax\IncrediBuild;C:\Program Files\Git\cmd;C:\Program Files\Microsoft SQL Server\110\Tools\Binn\;C:\Program Files (x86)\Microsoft SDKs\TypeScript\1.0\;D:\NVPACK\gradle-2.2.1\bin;D:\NVPACK\apache-ant-1.8.2\bin;D:\NVPACK\jdk1.7.0_71\bin;
292 verbose lifecycle raw-socket@1.4.0~install: CWD: D:\workspace\multimedia\event-socket-server\node_modules\raw-socket
293 silly lifecycle raw-socket@1.4.0~install: Args: [ '/d /s /c', 'node-gyp rebuild' ]
294 silly lifecycle raw-socket@1.4.0~install: Returned: code: 1  signal: null
295 info lifecycle raw-socket@1.4.0~install: Failed to exec install script
296 verbose unlock done using C:\Users\Дмитрий\AppData\Roaming\npm-cache\_locks\staging-ac589265cccc7418.lock for D:\workspace\multimedia\event-socket-server\node_modules\.staging
297 silly rollbackFailedOptional Starting
298 silly rollbackFailedOptional Finishing
299 silly runTopLevelLifecycles Starting
300 silly runTopLevelLifecycles Finishing
301 silly install printInstalled
302 warn event-socket-server@1.0.0 No description
303 warn event-socket-server@1.0.0 No repository field.
304 verbose stack Error: raw-socket@1.4.0 install: `node-gyp rebuild`
304 verbose stack Exit status 1
304 verbose stack     at EventEmitter.<anonymous> (C:\Program Files\nodejs\node_modules\npm\lib\utils\lifecycle.js:239:16)
304 verbose stack     at emitTwo (events.js:87:13)
304 verbose stack     at EventEmitter.emit (events.js:172:7)
304 verbose stack     at ChildProcess.<anonymous> (C:\Program Files\nodejs\node_modules\npm\lib\utils\spawn.js:24:14)
304 verbose stack     at emitTwo (events.js:87:13)
304 verbose stack     at ChildProcess.emit (events.js:172:7)
304 verbose stack     at maybeClose (internal/child_process.js:818:16)
304 verbose stack     at Process.ChildProcess._handle.onexit (internal/child_process.js:211:5)
305 verbose pkgid raw-socket@1.4.0
306 verbose cwd D:\workspace\multimedia\event-socket-server
307 error Windows_NT 10.0.10586
308 error argv "C:\\Program Files\\nodejs\\node.exe" "C:\\Program Files\\nodejs\\node_modules\\npm\\bin\\npm-cli.js" "i" "raw-socket"
309 error node v4.2.2
310 error npm  v3.8.5
311 error code ELIFECYCLE
312 error raw-socket@1.4.0 install: `node-gyp rebuild`
312 error Exit status 1
313 error Failed at the raw-socket@1.4.0 install script 'node-gyp rebuild'.
313 error Make sure you have the latest version of node.js and npm installed.
313 error If you do, this is most likely a problem with the raw-socket package,
313 error not with npm itself.
313 error Tell the author that this fails on your system:
313 error     node-gyp rebuild
313 error You can get information on how to open an issue for this project with:
313 error     npm bugs raw-socket
313 error Or if that isn't available, you can get their info via:
313 error     npm owner ls raw-socket
313 error There is likely additional logging output above.
314 verbose exit [ 1, true ]
